<?xml version="1.0" encoding="UTF-8"?>
<testng-results skipped="0" failed="0" ignored="0" total="1" passed="1">
  <reporter-output>
  </reporter-output>
  <suite name="Default suite" duration-ms="48964" started-at="2022-04-12T09:28:56Z" finished-at="2022-04-12T09:29:45Z">
    <groups>
    </groups>
    <test name="Default test" duration-ms="48964" started-at="2022-04-12T09:28:56Z" finished-at="2022-04-12T09:29:45Z">
      <class name="POMselinium.VerifyLogin">
        <test-method status="PASS" signature="TestUser()[pri:0, instance:POMselinium.VerifyLogin@6d00a15d]" name="TestUser" duration-ms="48078" started-at="2022-04-12T09:28:56Z" finished-at="2022-04-12T09:29:44Z">
          <reporter-output>
          </reporter-output>
        </test-method> <!-- TestUser -->
      </class> <!-- POMselinium.VerifyLogin -->
    </test> <!-- Default test -->
  </suite> <!-- Default suite -->
</testng-results>
